Using pre-set license
Built from '2020.3/staging' branch; Version is '2020.3.3f1 (76626098c1c4) revision 7758432'; Using compiler version '192528614'; Build Type 'Release'
OS: 'Windows 10 Pro; OS build 19042.985; Version 2009; 64bit' Language: 'en' Physical Memory: 32612 MB
BatchMode: 1, IsHumanControllingUs: 0, StartBugReporterOnCrash: 0, Is64bit: 1, IsPro: 0

 COMMAND LINE ARGUMENTS:
E:\Unity\2020.3.3f1\Editor\Unity.exe
-adb2
-batchMode
-noUpm
-name
AssetImportWorker0
-projectPath
D:/Projects/APR-Course-ARFoundation
-logFile
Logs/AssetImportWorker0.log
-srvPort
61367
Successfully changed project path to: D:/Projects/APR-Course-ARFoundation
D:/Projects/APR-Course-ARFoundation
Using Asset Import Pipeline V2.
Refreshing native plugins compatible for Editor in 28.63 ms, found 0 plugins.
Preloading 0 native plugins for Editor in 0.00 ms.
Initialize engine version: 2020.3.3f1 (76626098c1c4)
[Subsystems] Discovering subsystems at path E:/Unity/2020.3.3f1/Editor/Data/Resources/UnitySubsystems
[Subsystems] Discovering subsystems at path D:/Projects/APR-Course-ARFoundation/Assets
GfxDevice: creating device client; threaded=0
Direct3D:
    Version:  Direct3D 11.0 [level 11.1]
    Renderer: NVIDIA GeForce RTX 2070 with Max-Q Design (ID=0x1f10)
    Vendor:   
    VRAM:     8031 MB
    Driver:   27.21.14.6647
Initialize mono
Mono path[0] = 'E:/Unity/2020.3.3f1/Editor/Data/Managed'
Mono path[1] = 'E:/Unity/2020.3.3f1/Editor/Data/MonoBleedingEdge/lib/mono/unityjit'
Mono config path = 'E:/Unity/2020.3.3f1/Editor/Data/MonoBleedingEdge/etc'
Using monoOptions --debugger-agent=transport=dt_socket,embedding=1,server=y,suspend=n,address=127.0.0.1:56804
Begin MonoManager ReloadAssembly
Registering precompiled unity dll's ...
Register platform support module: E:/Unity/2020.3.3f1/Editor/Data/PlaybackEngines/WebGLSupport/UnityEditor.WebGL.Extensions.dll
Register platform support module: E:/Unity/2020.3.3f1/Editor/Data/PlaybackEngines/WindowsStandaloneSupport/UnityEditor.WindowsStandalone.Extensions.dll
Registered in 0.004116 seconds.
Native extension for WindowsStandalone target not found
Native extension for WebGL target not found
Refreshing native plugins compatible for Editor in 25.75 ms, found 0 plugins.
Preloading 0 native plugins for Editor in 0.00 ms.
Invoked RoslynAnalysisRunner static constructor.
RoslynAnalysisRunner will not be running.
RoslynAnalysisRunner has terminated.
Mono: successfully reloaded assembly
- Completed reload, in  2.171 seconds
Platform modules already initialized, skipping
Registering precompiled user dll's ...
Registered in 0.000901 seconds.
Begin MonoManager ReloadAssembly
Native extension for WindowsStandalone target not found
Native extension for WebGL target not found
Refreshing native plugins compatible for Editor in 0.21 ms, found 0 plugins.
Preloading 0 native plugins for Editor in 0.00 ms.
Invoked RoslynAnalysisRunner static constructor.
RoslynAnalysisRunner will not be running.
RoslynAnalysisRunner has terminated.
Mono: successfully reloaded assembly
- Completed reload, in  0.929 seconds
Platform modules already initialized, skipping
========================================================================
Worker process is ready to serve import requests
Launched and connected shader compiler UnityShaderCompiler.exe after 0.07 seconds
Refreshing native plugins compatible for Editor in 0.20 ms, found 0 plugins.
Preloading 0 native plugins for Editor in 0.00 ms.
Unloading 1115 Unused Serialized files (Serialized files now loaded: 0)
System memory in use before: 57.0 MB.
System memory in use after: 57.1 MB.

Unloading 10 unused Assets to reduce memory usage. Loaded Objects now: 1557.
Total: 1.773600 ms (FindLiveObjects: 0.129600 ms CreateObjectMapping: 0.028000 ms MarkObjects: 1.532400 ms  DeleteObjects: 0.082200 ms)

========================================================================
Received Import Request.
  path: Assets/Scenes/ARRobot.unity
  artifactKey: Guid(9fc0d4010bbf28b4594072e72b8655ab) Importer(815301076,1909f56bfc062723c751e8b465ee728b)
Start importing Assets/Scenes/ARRobot.unity using Guid(9fc0d4010bbf28b4594072e72b8655ab) Importer(815301076,1909f56bfc062723c751e8b465ee728b)  -> (artifact id: 'c1e019c0b9c99216747d328e36b464ef') in 0.022287 seconds
  Import took 0.024502 seconds .

========================================================================
Received Prepare
Registering precompiled user dll's ...
Registered in 0.000767 seconds.
Begin MonoManager ReloadAssembly
Native extension for WindowsStandalone target not found
Native extension for WebGL target not found
Refreshing native plugins compatible for Editor in 0.45 ms, found 0 plugins.
Preloading 0 native plugins for Editor in 0.00 ms.
Invoked RoslynAnalysisRunner static constructor.
RoslynAnalysisRunner will not be running.
RoslynAnalysisRunner has terminated.
Mono: successfully reloaded assembly
- Completed reload, in  1.051 seconds
Platform modules already initialized, skipping
Refreshing native plugins compatible for Editor in 0.23 ms, found 0 plugins.
Preloading 0 native plugins for Editor in 0.00 ms.
Unloading 1387 Unused Serialized files (Serialized files now loaded: 0)
System memory in use before: 65.3 MB.
System memory in use after: 65.3 MB.

Unloading 5 unused Assets to reduce memory usage. Loaded Objects now: 1838.
Total: 1.725000 ms (FindLiveObjects: 0.187200 ms CreateObjectMapping: 0.060900 ms MarkObjects: 1.417900 ms  DeleteObjects: 0.057700 ms)

========================================================================
Received Prepare
Registering precompiled user dll's ...
Registered in 0.000803 seconds.
Begin MonoManager ReloadAssembly
Native extension for WindowsStandalone target not found
Native extension for WebGL target not found
Refreshing native plugins compatible for Editor in 0.27 ms, found 0 plugins.
Preloading 0 native plugins for Editor in 0.00 ms.
Invoked RoslynAnalysisRunner static constructor.
RoslynAnalysisRunner will not be running.
RoslynAnalysisRunner has terminated.
Mono: successfully reloaded assembly
- Completed reload, in  1.069 seconds
Platform modules already initialized, skipping
Refreshing native plugins compatible for Editor in 0.27 ms, found 0 plugins.
Preloading 0 native plugins for Editor in 0.00 ms.
Unloading 1432 Unused Serialized files (Serialized files now loaded: 0)
System memory in use before: 66.4 MB.
System memory in use after: 66.5 MB.

Unloading 7 unused Assets to reduce memory usage. Loaded Objects now: 1886.
Total: 1.968400 ms (FindLiveObjects: 0.196700 ms CreateObjectMapping: 0.068700 ms MarkObjects: 1.646600 ms  DeleteObjects: 0.055100 ms)

========================================================================
Received Prepare
Registering precompiled user dll's ...
Registered in 0.001172 seconds.
Begin MonoManager ReloadAssembly
Native extension for WindowsStandalone target not found
Native extension for WebGL target not found
Refreshing native plugins compatible for Editor in 0.29 ms, found 0 plugins.
Preloading 0 native plugins for Editor in 0.00 ms.
Invoked RoslynAnalysisRunner static constructor.
RoslynAnalysisRunner will not be running.
RoslynAnalysisRunner has terminated.
Mono: successfully reloaded assembly
- Completed reload, in  1.000 seconds
Platform modules already initialized, skipping
Switching build target platform(5) subTarget(0) extendedPlatform(0) -> platform(13) subTarget(537395200) extendedPlatform(0)
Refreshing native plugins compatible for Editor in 0.35 ms, found 0 plugins.
Preloading 0 native plugins for Editor in 0.00 ms.
Unloading 1432 Unused Serialized files (Serialized files now loaded: 0)
System memory in use before: 66.4 MB.
System memory in use after: 66.5 MB.

Unloading 7 unused Assets to reduce memory usage. Loaded Objects now: 1890.
Total: 1.845100 ms (FindLiveObjects: 0.184900 ms CreateObjectMapping: 0.057000 ms MarkObjects: 1.540400 ms  DeleteObjects: 0.061400 ms)

AssetImportParameters requested are different than current active one (requested -> active):
  custom:graphics/normal-map-encoding: 01000000000000000000000000000000 -> 02000000000000000000000000000000
========================================================================
Received Prepare
Refreshing native plugins compatible for Editor in 0.87 ms, found 0 plugins.
Preloading 0 native plugins for Editor in 0.00 ms.
Unloading 4 Unused Serialized files (Serialized files now loaded: 0)
System memory in use before: 37.9 MB.
System memory in use after: 37.9 MB.

Unloading 4 unused Assets to reduce memory usage. Loaded Objects now: 1890.
Total: 2.672800 ms (FindLiveObjects: 0.297200 ms CreateObjectMapping: 0.095600 ms MarkObjects: 2.212100 ms  DeleteObjects: 0.065700 ms)

========================================================================
Received Prepare
Switching build target platform(13) subTarget(537395200) extendedPlatform(0) -> platform(13) subTarget(589824) extendedPlatform(0)
Refreshing native plugins compatible for Editor in 0.87 ms, found 0 plugins.
Preloading 0 native plugins for Editor in 0.00 ms.
Unloading 4 Unused Serialized files (Serialized files now loaded: 0)
System memory in use before: 37.9 MB.
System memory in use after: 38.0 MB.

Unloading 4 unused Assets to reduce memory usage. Loaded Objects now: 1890.
Total: 2.316500 ms (FindLiveObjects: 0.172900 ms CreateObjectMapping: 0.050300 ms MarkObjects: 2.025800 ms  DeleteObjects: 0.065800 ms)

AssetImportParameters requested are different than current active one (requested -> active):
  buildTarget: platform 13, subtarget 589824, extendedPlatform 0 -> platform 13, subtarget 537395200, extendedPlatform 0
  graphicsApiMask: 2304 -> 2099200
========================================================================
Received Import Request.
  Time since last request: 595.647564 seconds.
  path: Assets
  artifactKey: Guid(00000000000000001000000000000000) Importer(815301076,1909f56bfc062723c751e8b465ee728b)
Start importing Assets using Guid(00000000000000001000000000000000) Importer(815301076,1909f56bfc062723c751e8b465ee728b)  -> (artifact id: 'b2e0e235c0f4af3754229b664788db90') in 0.010738 seconds
  Import took 0.013941 seconds .

========================================================================
Received Import Request.
  Time since last request: 4.587768 seconds.
  path: Assets/Prefabs
  artifactKey: Guid(8c09891f48810d147a35b3bf20803908) Importer(815301076,1909f56bfc062723c751e8b465ee728b)
Start importing Assets/Prefabs using Guid(8c09891f48810d147a35b3bf20803908) Importer(815301076,1909f56bfc062723c751e8b465ee728b)  -> (artifact id: 'd27c382a662ef6163caf573bd9e698cd') in 0.008860 seconds
  Import took 0.011739 seconds .

========================================================================
Received Import Request.
  Time since last request: 4.579711 seconds.
  path: Assets/Prefabs/AR Default Plane.prefab
  artifactKey: Guid(d6147974c6ba13e478aaf505890e8d1f) Importer(815301076,1909f56bfc062723c751e8b465ee728b)
Start importing Assets/Prefabs/AR Default Plane.prefab using Guid(d6147974c6ba13e478aaf505890e8d1f) Importer(815301076,1909f56bfc062723c751e8b465ee728b)  -> (artifact id: '143368641827ab98c066f728487f3d3b') in 0.094159 seconds
  Import took 0.097185 seconds .

========================================================================
Received Prepare
Refreshing native plugins compatible for Editor in 0.95 ms, found 0 plugins.
Preloading 0 native plugins for Editor in 0.00 ms.
Unloading 4 Unused Serialized files (Serialized files now loaded: 0)
System memory in use before: 37.9 MB.
System memory in use after: 38.0 MB.

Unloading 3 unused Assets to reduce memory usage. Loaded Objects now: 1891.
Total: 2.422000 ms (FindLiveObjects: 0.213200 ms CreateObjectMapping: 0.043900 ms MarkObjects: 2.104900 ms  DeleteObjects: 0.058700 ms)

========================================================================
Received Prepare
Registering precompiled user dll's ...
Registered in 0.001627 seconds.
Begin MonoManager ReloadAssembly
Native extension for WindowsStandalone target not found
Native extension for WebGL target not found
Refreshing native plugins compatible for Editor in 0.28 ms, found 0 plugins.
Preloading 0 native plugins for Editor in 0.00 ms.
Invoked RoslynAnalysisRunner static constructor.
RoslynAnalysisRunner will not be running.
RoslynAnalysisRunner has terminated.
Mono: successfully reloaded assembly
- Completed reload, in  1.084 seconds
Platform modules already initialized, skipping
Switching build target platform(5) subTarget(0) extendedPlatform(0) -> platform(13) subTarget(589824) extendedPlatform(0)
Refreshing native plugins compatible for Editor in 0.45 ms, found 0 plugins.
Preloading 0 native plugins for Editor in 0.00 ms.
Unloading 1431 Unused Serialized files (Serialized files now loaded: 0)
System memory in use before: 66.3 MB.
System memory in use after: 66.4 MB.

Unloading 6 unused Assets to reduce memory usage. Loaded Objects now: 1895.
Total: 2.409600 ms (FindLiveObjects: 0.277300 ms CreateObjectMapping: 0.094600 ms MarkObjects: 1.968200 ms  DeleteObjects: 0.068200 ms)

AssetImportParameters requested are different than current active one (requested -> active):
  custom:graphics/normal-map-encoding: 01000000000000000000000000000000 -> 02000000000000000000000000000000
========================================================================
Received Import Request.
  Time since last request: 970.699949 seconds.
  path: Assets/Scripts
  artifactKey: Guid(d6c7815993760e641b1e835d8b5a882e) Importer(815301076,1909f56bfc062723c751e8b465ee728b)
Start importing Assets/Scripts using Guid(d6c7815993760e641b1e835d8b5a882e) Importer(815301076,1909f56bfc062723c751e8b465ee728b)  -> (artifact id: '26e29721c7b52f850d5317ca7921290a') in 0.010034 seconds
  Import took 0.012734 seconds .

========================================================================
Received Import Request.
  Time since last request: 0.001065 seconds.
  path: Assets/Scripts
  artifactKey: Guid(d6c7815993760e641b1e835d8b5a882e) Importer(815301076,1909f56bfc062723c751e8b465ee728b)
Start importing Assets/Scripts using Guid(d6c7815993760e641b1e835d8b5a882e) Importer(815301076,1909f56bfc062723c751e8b465ee728b)  -> (artifact id: '26e29721c7b52f850d5317ca7921290a') in 0.004233 seconds
  Import took 0.007445 seconds .

========================================================================
Received Prepare
Registering precompiled user dll's ...
Registered in 0.000768 seconds.
Begin MonoManager ReloadAssembly
Native extension for WindowsStandalone target not found
Native extension for WebGL target not found
Refreshing native plugins compatible for Editor in 0.28 ms, found 0 plugins.
Preloading 0 native plugins for Editor in 0.00 ms.
Invoked RoslynAnalysisRunner static constructor.
RoslynAnalysisRunner will not be running.
RoslynAnalysisRunner has terminated.
Mono: successfully reloaded assembly
- Completed reload, in  1.027 seconds
Platform modules already initialized, skipping
Switching build target platform(5) subTarget(0) extendedPlatform(0) -> platform(13) subTarget(589824) extendedPlatform(0)
Refreshing native plugins compatible for Editor in 0.30 ms, found 0 plugins.
Preloading 0 native plugins for Editor in 0.00 ms.
Unloading 1442 Unused Serialized files (Serialized files now loaded: 0)
System memory in use before: 66.6 MB.
System memory in use after: 66.7 MB.

Unloading 7 unused Assets to reduce memory usage. Loaded Objects now: 1909.
Total: 1.685900 ms (FindLiveObjects: 0.153200 ms CreateObjectMapping: 0.048600 ms MarkObjects: 1.417200 ms  DeleteObjects: 0.065700 ms)

AssetImportParameters requested are different than current active one (requested -> active):
  custom:graphics/normal-map-encoding: 01000000000000000000000000000000 -> 02000000000000000000000000000000
========================================================================
Received Prepare
Registering precompiled user dll's ...
Registered in 0.001638 seconds.
Begin MonoManager ReloadAssembly
Native extension for WindowsStandalone target not found
Native extension for WebGL target not found
Refreshing native plugins compatible for Editor in 0.30 ms, found 0 plugins.
Preloading 0 native plugins for Editor in 0.00 ms.
Invoked RoslynAnalysisRunner static constructor.
RoslynAnalysisRunner will not be running.
RoslynAnalysisRunner has terminated.
Mono: successfully reloaded assembly
- Completed reload, in  0.926 seconds
Platform modules already initialized, skipping
Switching build target platform(5) subTarget(0) extendedPlatform(0) -> platform(13) subTarget(589824) extendedPlatform(0)
Refreshing native plugins compatible for Editor in 0.31 ms, found 0 plugins.
Preloading 0 native plugins for Editor in 0.00 ms.
Unloading 1445 Unused Serialized files (Serialized files now loaded: 0)
System memory in use before: 66.8 MB.
System memory in use after: 66.8 MB.

Unloading 7 unused Assets to reduce memory usage. Loaded Objects now: 1915.
Total: 2.280000 ms (FindLiveObjects: 0.399200 ms CreateObjectMapping: 0.116500 ms MarkObjects: 1.698300 ms  DeleteObjects: 0.064400 ms)

AssetImportParameters requested are different than current active one (requested -> active):
  custom:graphics/normal-map-encoding: 01000000000000000000000000000000 -> 02000000000000000000000000000000
========================================================================
Received Import Request.
  Time since last request: 160.090303 seconds.
  path: Assets/3rdParty
  artifactKey: Guid(56ce3bdbbb173314c80fb71b850e66af) Importer(815301076,1909f56bfc062723c751e8b465ee728b)
Start importing Assets/3rdParty using Guid(56ce3bdbbb173314c80fb71b850e66af) Importer(815301076,1909f56bfc062723c751e8b465ee728b)  -> (artifact id: 'e26731c3e1e045e52c4180ab367f59c8') in 0.011352 seconds
  Import took 0.014038 seconds .

========================================================================
Received Import Request.
  Time since last request: 0.001589 seconds.
  path: Assets/3rdParty
  artifactKey: Guid(56ce3bdbbb173314c80fb71b850e66af) Importer(815301076,1909f56bfc062723c751e8b465ee728b)
Start importing Assets/3rdParty using Guid(56ce3bdbbb173314c80fb71b850e66af) Importer(815301076,1909f56bfc062723c751e8b465ee728b)  -> (artifact id: 'e26731c3e1e045e52c4180ab367f59c8') in 0.002058 seconds
  Import took 0.004388 seconds .

========================================================================
Received Import Request.
  Time since last request: 1.478423 seconds.
  path: Assets/Joystick Pack
  artifactKey: Guid(fe8f899d9ba591548b09852f813b9edd) Importer(815301076,1909f56bfc062723c751e8b465ee728b)
Start importing Assets/Joystick Pack using Guid(fe8f899d9ba591548b09852f813b9edd) Importer(815301076,1909f56bfc062723c751e8b465ee728b)  -> (artifact id: 'e5fe44ef5608f5d55949fc9f81abe625') in 0.007240 seconds
  Import took 0.010126 seconds .

========================================================================
Received Prepare
Registering precompiled user dll's ...
Registered in 0.000850 seconds.
Begin MonoManager ReloadAssembly
Native extension for WindowsStandalone target not found
Native extension for WebGL target not found
Refreshing native plugins compatible for Editor in 0.31 ms, found 0 plugins.
Preloading 0 native plugins for Editor in 0.00 ms.
Invoked RoslynAnalysisRunner static constructor.
RoslynAnalysisRunner will not be running.
RoslynAnalysisRunner has terminated.
Mono: successfully reloaded assembly
- Completed reload, in  1.290 seconds
Platform modules already initialized, skipping
Switching build target platform(5) subTarget(0) extendedPlatform(0) -> platform(13) subTarget(589824) extendedPlatform(0)
Refreshing native plugins compatible for Editor in 0.29 ms, found 0 plugins.
Preloading 0 native plugins for Editor in 0.00 ms.
Unloading 1445 Unused Serialized files (Serialized files now loaded: 0)
System memory in use before: 66.8 MB.
System memory in use after: 66.8 MB.

Unloading 7 unused Assets to reduce memory usage. Loaded Objects now: 1919.
Total: 1.825100 ms (FindLiveObjects: 0.149300 ms CreateObjectMapping: 0.044800 ms MarkObjects: 1.568300 ms  DeleteObjects: 0.061600 ms)

AssetImportParameters requested are different than current active one (requested -> active):
  custom:graphics/normal-map-encoding: 01000000000000000000000000000000 -> 02000000000000000000000000000000
========================================================================
Received Import Request.
  Time since last request: 23.528591 seconds.
  path: Assets/3rdParty/RobotSphere/Assets/Prefab/robotSphere.prefab
  artifactKey: Guid(8e0f285c21cdcf14e8d5c06c57ba936b) Importer(815301076,1909f56bfc062723c751e8b465ee728b)
Start importing Assets/3rdParty/RobotSphere/Assets/Prefab/robotSphere.prefab using Guid(8e0f285c21cdcf14e8d5c06c57ba936b) Importer(815301076,1909f56bfc062723c751e8b465ee728b)  -> (artifact id: 'c05358b0b339b78c8a9acacd0bb5f44d') in 0.745755 seconds
  Import took 0.750985 seconds .

========================================================================
Received Import Request.
  Time since last request: 121.101682 seconds.
  path: Assets/Prefabs/RobotSphere.prefab
  artifactKey: Guid(53d5e5ee8e8067d45bfc6f7c8ab97c6b) Importer(815301076,1909f56bfc062723c751e8b465ee728b)
Start importing Assets/Prefabs/RobotSphere.prefab using Guid(53d5e5ee8e8067d45bfc6f7c8ab97c6b) Importer(815301076,1909f56bfc062723c751e8b465ee728b)  -> (artifact id: '1b653468108372eaaa968795f6c5a12c') in 0.091648 seconds
  Import took 0.096339 seconds .

========================================================================
Received Import Request.
  Time since last request: 27.410016 seconds.
  path: Assets/Scripts/TapToPlace.cs
  artifactKey: Guid(72c8e1d9ad186314f8618bb23e051731) Importer(815301076,1909f56bfc062723c751e8b465ee728b)
Start importing Assets/Scripts/TapToPlace.cs using Guid(72c8e1d9ad186314f8618bb23e051731) Importer(815301076,1909f56bfc062723c751e8b465ee728b)  -> (artifact id: '87271f45c47844ce33fce51a6ae113d5') in 0.018626 seconds
  Import took 0.021780 seconds .

========================================================================
Received Prepare
Registering precompiled user dll's ...
Registered in 0.000990 seconds.
Begin MonoManager ReloadAssembly
Native extension for WindowsStandalone target not found
Native extension for WebGL target not found
Refreshing native plugins compatible for Editor in 0.28 ms, found 0 plugins.
Preloading 0 native plugins for Editor in 0.00 ms.
Invoked RoslynAnalysisRunner static constructor.
RoslynAnalysisRunner will not be running.
RoslynAnalysisRunner has terminated.
Mono: successfully reloaded assembly
- Completed reload, in  1.016 seconds
Platform modules already initialized, skipping
Switching build target platform(5) subTarget(0) extendedPlatform(0) -> platform(13) subTarget(589824) extendedPlatform(0)
Refreshing native plugins compatible for Editor in 0.29 ms, found 0 plugins.
Preloading 0 native plugins for Editor in 0.00 ms.
Unloading 1446 Unused Serialized files (Serialized files now loaded: 0)
System memory in use before: 70.5 MB.
System memory in use after: 70.5 MB.

Unloading 7 unused Assets to reduce memory usage. Loaded Objects now: 1932.
Total: 2.950100 ms (FindLiveObjects: 0.582200 ms CreateObjectMapping: 0.069100 ms MarkObjects: 2.228400 ms  DeleteObjects: 0.068300 ms)

AssetImportParameters requested are different than current active one (requested -> active):
  custom:graphics/normal-map-encoding: 01000000000000000000000000000000 -> 02000000000000000000000000000000
========================================================================
Received Prepare
Registering precompiled user dll's ...
Registered in 0.000828 seconds.
Begin MonoManager ReloadAssembly
Native extension for WindowsStandalone target not found
Native extension for WebGL target not found
Refreshing native plugins compatible for Editor in 0.28 ms, found 0 plugins.
Preloading 0 native plugins for Editor in 0.00 ms.
Invoked RoslynAnalysisRunner static constructor.
RoslynAnalysisRunner will not be running.
RoslynAnalysisRunner has terminated.
Mono: successfully reloaded assembly
- Completed reload, in  1.123 seconds
Platform modules already initialized, skipping
Switching build target platform(5) subTarget(0) extendedPlatform(0) -> platform(13) subTarget(589824) extendedPlatform(0)
Refreshing native plugins compatible for Editor in 0.29 ms, found 0 plugins.
Preloading 0 native plugins for Editor in 0.00 ms.
Unloading 1446 Unused Serialized files (Serialized files now loaded: 0)
System memory in use before: 70.5 MB.
System memory in use after: 70.5 MB.

Unloading 7 unused Assets to reduce memory usage. Loaded Objects now: 1936.
Total: 2.454900 ms (FindLiveObjects: 0.295200 ms CreateObjectMapping: 0.206800 ms MarkObjects: 1.878500 ms  DeleteObjects: 0.072300 ms)

AssetImportParameters requested are different than current active one (requested -> active):
  custom:graphics/normal-map-encoding: 01000000000000000000000000000000 -> 02000000000000000000000000000000
========================================================================
Received Prepare
Refreshing native plugins compatible for Editor in 1.01 ms, found 0 plugins.
Preloading 0 native plugins for Editor in 0.00 ms.
Unloading 4 Unused Serialized files (Serialized files now loaded: 0)
System memory in use before: 41.6 MB.
System memory in use after: 41.7 MB.

Unloading 3 unused Assets to reduce memory usage. Loaded Objects now: 1937.
Total: 1.946800 ms (FindLiveObjects: 0.182900 ms CreateObjectMapping: 0.051500 ms MarkObjects: 1.653700 ms  DeleteObjects: 0.056900 ms)

========================================================================
Received Prepare
Registering precompiled user dll's ...
Registered in 0.001061 seconds.
Begin MonoManager ReloadAssembly
Native extension for WindowsStandalone target not found
Native extension for WebGL target not found
Refreshing native plugins compatible for Editor in 0.29 ms, found 0 plugins.
Preloading 0 native plugins for Editor in 0.00 ms.
Invoked RoslynAnalysisRunner static constructor.
RoslynAnalysisRunner will not be running.
RoslynAnalysisRunner has terminated.
Mono: successfully reloaded assembly
- Completed reload, in  1.004 seconds
Platform modules already initialized, skipping
Switching build target platform(5) subTarget(0) extendedPlatform(0) -> platform(13) subTarget(589824) extendedPlatform(0)
Refreshing native plugins compatible for Editor in 0.40 ms, found 0 plugins.
Preloading 0 native plugins for Editor in 0.00 ms.
Unloading 1445 Unused Serialized files (Serialized files now loaded: 0)
System memory in use before: 70.4 MB.
System memory in use after: 70.5 MB.

Unloading 6 unused Assets to reduce memory usage. Loaded Objects now: 1941.
Total: 2.164700 ms (FindLiveObjects: 0.194000 ms CreateObjectMapping: 0.066200 ms MarkObjects: 1.838200 ms  DeleteObjects: 0.064500 ms)

AssetImportParameters requested are different than current active one (requested -> active):
  custom:graphics/normal-map-encoding: 01000000000000000000000000000000 -> 02000000000000000000000000000000
========================================================================
Received Import Request.
  Time since last request: 1472.888891 seconds.
  path: Assets/Scripts/RobotControls.cs
  artifactKey: Guid(45c5e113523415d4e9fee1159ee924c3) Importer(815301076,1909f56bfc062723c751e8b465ee728b)
Start importing Assets/Scripts/RobotControls.cs using Guid(45c5e113523415d4e9fee1159ee924c3) Importer(815301076,1909f56bfc062723c751e8b465ee728b)  -> (artifact id: '565399d98c4146f8d0edd54975241258') in 0.014570 seconds
  Import took 0.018017 seconds .

========================================================================
Received Prepare
Registering precompiled user dll's ...
Registered in 0.000856 seconds.
Begin MonoManager ReloadAssembly
Native extension for WindowsStandalone target not found
Native extension for WebGL target not found
Refreshing native plugins compatible for Editor in 0.34 ms, found 0 plugins.
Preloading 0 native plugins for Editor in 0.00 ms.
Invoked RoslynAnalysisRunner static constructor.
RoslynAnalysisRunner will not be running.
RoslynAnalysisRunner has terminated.
Mono: successfully reloaded assembly
- Completed reload, in  1.232 seconds
Platform modules already initialized, skipping
Switching build target platform(5) subTarget(0) extendedPlatform(0) -> platform(13) subTarget(589824) extendedPlatform(0)
Refreshing native plugins compatible for Editor in 0.36 ms, found 0 plugins.
Preloading 0 native plugins for Editor in 0.00 ms.
Unloading 1446 Unused Serialized files (Serialized files now loaded: 0)
System memory in use before: 70.4 MB.
System memory in use after: 70.5 MB.

Unloading 6 unused Assets to reduce memory usage. Loaded Objects now: 1946.
Total: 3.354100 ms (FindLiveObjects: 0.179400 ms CreateObjectMapping: 0.082000 ms MarkObjects: 2.983400 ms  DeleteObjects: 0.107900 ms)

AssetImportParameters requested are different than current active one (requested -> active):
  custom:graphics/normal-map-encoding: 01000000000000000000000000000000 -> 02000000000000000000000000000000
========================================================================
Received Import Request.
  Time since last request: 35.582532 seconds.
  path: Assets/Prefabs/RobotSphere.prefab
  artifactKey: Guid(53d5e5ee8e8067d45bfc6f7c8ab97c6b) Importer(815301076,1909f56bfc062723c751e8b465ee728b)
Start importing Assets/Prefabs/RobotSphere.prefab using Guid(53d5e5ee8e8067d45bfc6f7c8ab97c6b) Importer(815301076,1909f56bfc062723c751e8b465ee728b)  -> (artifact id: 'c9e2e1ad284d249816a2f69730eddd9a') in 0.150752 seconds
  Import took 0.157687 seconds .

========================================================================
Received Import Request.
  Time since last request: 3.624519 seconds.
  path: Assets/Prefabs/RobotSphere.prefab
  artifactKey: Guid(53d5e5ee8e8067d45bfc6f7c8ab97c6b) Importer(815301076,1909f56bfc062723c751e8b465ee728b)
Start importing Assets/Prefabs/RobotSphere.prefab using Guid(53d5e5ee8e8067d45bfc6f7c8ab97c6b) Importer(815301076,1909f56bfc062723c751e8b465ee728b)  -> (artifact id: '255647699c733a551bbc6a2c62b0ea5d') in 0.074152 seconds
  Import took 0.078702 seconds .

========================================================================
Received Prepare
Registering precompiled user dll's ...
Registered in 0.000869 seconds.
Begin MonoManager ReloadAssembly
Native extension for WindowsStandalone target not found
Native extension for WebGL target not found
Refreshing native plugins compatible for Editor in 1.94 ms, found 0 plugins.
Preloading 0 native plugins for Editor in 0.00 ms.
Invoked RoslynAnalysisRunner static constructor.
RoslynAnalysisRunner will not be running.
RoslynAnalysisRunner has terminated.
Mono: successfully reloaded assembly
- Completed reload, in  1.099 seconds
Platform modules already initialized, skipping
Switching build target platform(5) subTarget(0) extendedPlatform(0) -> platform(13) subTarget(589824) extendedPlatform(0)
Refreshing native plugins compatible for Editor in 0.41 ms, found 0 plugins.
Preloading 0 native plugins for Editor in 0.00 ms.
Unloading 1446 Unused Serialized files (Serialized files now loaded: 0)
System memory in use before: 70.5 MB.
System memory in use after: 70.5 MB.

Unloading 7 unused Assets to reduce memory usage. Loaded Objects now: 1950.
Total: 2.891500 ms (FindLiveObjects: 0.634600 ms CreateObjectMapping: 0.091100 ms MarkObjects: 2.098000 ms  DeleteObjects: 0.066300 ms)

AssetImportParameters requested are different than current active one (requested -> active):
  custom:graphics/normal-map-encoding: 01000000000000000000000000000000 -> 02000000000000000000000000000000
========================================================================
Received Import Request.
  Time since last request: 119.308523 seconds.
  path: Assets/3rdParty/RobotSphere/Assets/Models/Animation/robotSphereAnmCont.controller
  artifactKey: Guid(8df5b386369d54778a922298504d1aba) Importer(815301076,1909f56bfc062723c751e8b465ee728b)
Start importing Assets/3rdParty/RobotSphere/Assets/Models/Animation/robotSphereAnmCont.controller using Guid(8df5b386369d54778a922298504d1aba) Importer(815301076,1909f56bfc062723c751e8b465ee728b)  -> (artifact id: '223a49524420ecff4bdb237a362a9f59') in 0.033674 seconds
  Import took 0.037799 seconds .

========================================================================
Received Prepare
Registering precompiled user dll's ...
Registered in 0.001282 seconds.
Begin MonoManager ReloadAssembly
Native extension for WindowsStandalone target not found
Native extension for WebGL target not found
Refreshing native plugins compatible for Editor in 0.30 ms, found 0 plugins.
Preloading 0 native plugins for Editor in 0.00 ms.
Invoked RoslynAnalysisRunner static constructor.
RoslynAnalysisRunner will not be running.
RoslynAnalysisRunner has terminated.
Mono: successfully reloaded assembly
- Completed reload, in  1.114 seconds
Platform modules already initialized, skipping
Switching build target platform(5) subTarget(0) extendedPlatform(0) -> platform(13) subTarget(589824) extendedPlatform(0)
Refreshing native plugins compatible for Editor in 0.48 ms, found 0 plugins.
Preloading 0 native plugins for Editor in 0.00 ms.
Unloading 1447 Unused Serialized files (Serialized files now loaded: 0)
System memory in use before: 70.6 MB.
System memory in use after: 70.7 MB.

Unloading 7 unused Assets to reduce memory usage. Loaded Objects now: 1954.
Total: 1.862300 ms (FindLiveObjects: 0.159900 ms CreateObjectMapping: 0.052800 ms MarkObjects: 1.582200 ms  DeleteObjects: 0.065900 ms)

AssetImportParameters requested are different than current active one (requested -> active):
  custom:graphics/normal-map-encoding: 01000000000000000000000000000000 -> 02000000000000000000000000000000
========================================================================
Received Prepare
Registering precompiled user dll's ...
Registered in 0.001239 seconds.
Begin MonoManager ReloadAssembly
Native extension for WindowsStandalone target not found
Native extension for WebGL target not found
Refreshing native plugins compatible for Editor in 0.44 ms, found 0 plugins.
Preloading 0 native plugins for Editor in 0.00 ms.
Invoked RoslynAnalysisRunner static constructor.
RoslynAnalysisRunner will not be running.
RoslynAnalysisRunner has terminated.
Mono: successfully reloaded assembly
- Completed reload, in  1.306 seconds
Platform modules already initialized, skipping
Switching build target platform(5) subTarget(0) extendedPlatform(0) -> platform(13) subTarget(589824) extendedPlatform(0)
Refreshing native plugins compatible for Editor in 0.34 ms, found 0 plugins.
Preloading 0 native plugins for Editor in 0.00 ms.
Unloading 1447 Unused Serialized files (Serialized files now loaded: 0)
System memory in use before: 70.6 MB.
System memory in use after: 70.7 MB.

Unloading 7 unused Assets to reduce memory usage. Loaded Objects now: 1958.
Total: 4.016200 ms (FindLiveObjects: 1.032700 ms CreateObjectMapping: 0.248600 ms MarkObjects: 2.645400 ms  DeleteObjects: 0.087900 ms)

AssetImportParameters requested are different than current active one (requested -> active):
  custom:graphics/normal-map-encoding: 01000000000000000000000000000000 -> 02000000000000000000000000000000
========================================================================
Received Prepare
Registering precompiled user dll's ...
Registered in 0.000898 seconds.
Begin MonoManager ReloadAssembly
Native extension for WindowsStandalone target not found
Native extension for WebGL target not found
Refreshing native plugins compatible for Editor in 0.61 ms, found 0 plugins.
Preloading 0 native plugins for Editor in 0.00 ms.
Invoked RoslynAnalysisRunner static constructor.
RoslynAnalysisRunner will not be running.
RoslynAnalysisRunner has terminated.
Mono: successfully reloaded assembly
- Completed reload, in  1.223 seconds
Platform modules already initialized, skipping
Switching build target platform(5) subTarget(0) extendedPlatform(0) -> platform(13) subTarget(589824) extendedPlatform(0)
Refreshing native plugins compatible for Editor in 0.30 ms, found 0 plugins.
Preloading 0 native plugins for Editor in 0.00 ms.
Unloading 1447 Unused Serialized files (Serialized files now loaded: 0)
System memory in use before: 70.6 MB.
System memory in use after: 70.7 MB.

Unloading 7 unused Assets to reduce memory usage. Loaded Objects now: 1962.
Total: 2.095900 ms (FindLiveObjects: 0.257500 ms CreateObjectMapping: 0.083400 ms MarkObjects: 1.689900 ms  DeleteObjects: 0.064000 ms)

AssetImportParameters requested are different than current active one (requested -> active):
  custom:graphics/normal-map-encoding: 01000000000000000000000000000000 -> 02000000000000000000000000000000
========================================================================
Received Prepare
Refreshing native plugins compatible for Editor in 0.91 ms, found 0 plugins.
Preloading 0 native plugins for Editor in 0.00 ms.
Unloading 4 Unused Serialized files (Serialized files now loaded: 0)
System memory in use before: 41.8 MB.
System memory in use after: 41.9 MB.

Unloading 3 unused Assets to reduce memory usage. Loaded Objects now: 1963.
Total: 2.144400 ms (FindLiveObjects: 0.181600 ms CreateObjectMapping: 0.061100 ms MarkObjects: 1.848000 ms  DeleteObjects: 0.052600 ms)

========================================================================
Received Prepare
Registering precompiled user dll's ...
Registered in 0.000959 seconds.
Begin MonoManager ReloadAssembly
Native extension for WindowsStandalone target not found
Native extension for WebGL target not found
Refreshing native plugins compatible for Editor in 0.52 ms, found 0 plugins.
Preloading 0 native plugins for Editor in 0.00 ms.
Invoked RoslynAnalysisRunner static constructor.
RoslynAnalysisRunner will not be running.
RoslynAnalysisRunner has terminated.
Mono: successfully reloaded assembly
- Completed reload, in  1.236 seconds
Platform modules already initialized, skipping
Switching build target platform(5) subTarget(0) extendedPlatform(0) -> platform(13) subTarget(589824) extendedPlatform(0)
Refreshing native plugins compatible for Editor in 0.26 ms, found 0 plugins.
Preloading 0 native plugins for Editor in 0.00 ms.
Unloading 1446 Unused Serialized files (Serialized files now loaded: 0)
System memory in use before: 70.5 MB.
System memory in use after: 70.6 MB.

Unloading 6 unused Assets to reduce memory usage. Loaded Objects now: 1967.
Total: 2.075600 ms (FindLiveObjects: 0.322500 ms CreateObjectMapping: 0.090600 ms MarkObjects: 1.604900 ms  DeleteObjects: 0.056400 ms)

AssetImportParameters requested are different than current active one (requested -> active):
  custom:graphics/normal-map-encoding: 01000000000000000000000000000000 -> 02000000000000000000000000000000
========================================================================
Received Prepare
Refreshing native plugins compatible for Editor in 0.92 ms, found 0 plugins.
Preloading 0 native plugins for Editor in 0.00 ms.
Unloading 3 Unused Serialized files (Serialized files now loaded: 0)
System memory in use before: 41.7 MB.
System memory in use after: 41.8 MB.

Unloading 3 unused Assets to reduce memory usage. Loaded Objects now: 1967.
Total: 3.112800 ms (FindLiveObjects: 0.326900 ms CreateObjectMapping: 0.134200 ms MarkObjects: 2.581500 ms  DeleteObjects: 0.068800 ms)

========================================================================
Received Prepare
Registering precompiled user dll's ...
Registered in 0.001408 seconds.
Begin MonoManager ReloadAssembly
Native extension for WindowsStandalone target not found
Native extension for WebGL target not found
Refreshing native plugins compatible for Editor in 0.31 ms, found 0 plugins.
Preloading 0 native plugins for Editor in 0.00 ms.
Invoked RoslynAnalysisRunner static constructor.
RoslynAnalysisRunner will not be running.
RoslynAnalysisRunner has terminated.
Mono: successfully reloaded assembly
- Completed reload, in  1.152 seconds
Platform modules already initialized, skipping
Switching build target platform(5) subTarget(0) extendedPlatform(0) -> platform(13) subTarget(589824) extendedPlatform(0)
Refreshing native plugins compatible for Editor in 0.26 ms, found 0 plugins.
Preloading 0 native plugins for Editor in 0.00 ms.
Unloading 1446 Unused Serialized files (Serialized files now loaded: 0)
System memory in use before: 70.5 MB.
System memory in use after: 70.6 MB.

Unloading 6 unused Assets to reduce memory usage. Loaded Objects now: 1971.
Total: 2.839500 ms (FindLiveObjects: 0.238800 ms CreateObjectMapping: 0.075200 ms MarkObjects: 2.464500 ms  DeleteObjects: 0.058800 ms)

AssetImportParameters requested are different than current active one (requested -> active):
  custom:graphics/normal-map-encoding: 01000000000000000000000000000000 -> 02000000000000000000000000000000
========================================================================
Received Import Request.
  Time since last request: 2228.746472 seconds.
  path: Assets/3rdParty/RobotSphere/Assets/Models/Animation/robotSphere@anim_open.fbx
  artifactKey: Guid(ecb6e102166bfcf47b9206c2f8297fc1) Importer(815301076,1909f56bfc062723c751e8b465ee728b)
Start importing Assets/3rdParty/RobotSphere/Assets/Models/Animation/robotSphere@anim_open.fbx using Guid(ecb6e102166bfcf47b9206c2f8297fc1) Importer(815301076,1909f56bfc062723c751e8b465ee728b)  -> (artifact id: '8e175067618e8655324d0b8f18b18e48') in 0.422932 seconds
  Import took 0.427016 seconds .

========================================================================
Received Prepare
Registering precompiled user dll's ...
Registered in 0.000824 seconds.
Begin MonoManager ReloadAssembly
Native extension for WindowsStandalone target not found
Native extension for WebGL target not found
Refreshing native plugins compatible for Editor in 0.33 ms, found 0 plugins.
Preloading 0 native plugins for Editor in 0.00 ms.
Invoked RoslynAnalysisRunner static constructor.
RoslynAnalysisRunner will not be running.
RoslynAnalysisRunner has terminated.
Mono: successfully reloaded assembly
- Completed reload, in  1.975 seconds
Platform modules already initialized, skipping
Switching build target platform(5) subTarget(0) extendedPlatform(0) -> platform(13) subTarget(589824) extendedPlatform(0)
Refreshing native plugins compatible for Editor in 0.48 ms, found 0 plugins.
Preloading 0 native plugins for Editor in 0.00 ms.
Unloading 1502 Unused Serialized files (Serialized files now loaded: 0)
System memory in use before: 72.3 MB.
System memory in use after: 72.4 MB.

Unloading 7 unused Assets to reduce memory usage. Loaded Objects now: 2035.
Total: 2.313100 ms (FindLiveObjects: 0.265200 ms CreateObjectMapping: 0.064800 ms MarkObjects: 1.911600 ms  DeleteObjects: 0.069900 ms)

AssetImportParameters requested are different than current active one (requested -> active):
  custom:graphics/normal-map-encoding: 01000000000000000000000000000000 -> 02000000000000000000000000000000
AssetImportWorkerClient::OnTransportError - code=2 error=End of file
